|  397      |  0.5136   |  5.126    |  17.51    |  17.97    |  0.4609   |  23.28    |  41.37    |  44.34    |
|  398      |  0.5206   |  8.324    |  14.71    |  16.33    |  0.4119   |  15.52    |  40.48    |  44.98    |
|  399      |  0.5138   |  7.098    |  16.04    |  18.06    |  0.3379   |  16.13    |  43.34    |  46.4     |
|  400      |  0.5194   |  8.163    |  13.03    |  14.39    |  0.3575   |  43.78    |  23.88    |  28.48    |
|  401      |  0.5079   |  8.321    |  15.29    |  17.75    |  0.5143   |  22.58    |  43.33    |  41.49    |
|  402      |  0.5182   |  7.524    |  16.44    |  17.91    |  0.5764   |  16.0     |  40.38    |  41.96    |
|  403      |  0.5135   |  5.581    |  11.66    |  14.18    |  0.2281   |  46.38    |  24.71    |  30.69    |
|  404      |  0.5215   |  9.273    |  15.95    |  17.78    |  0.5803   |  20.88    |  42.33    |  45.26    |
|  405      |  0.5211   |  6.398    |  17.18    |  17.89    |  0.5268   |  21.94    |  39.51    |  41.75    |
|  406      |  0.512    |  7.85     |  19.71    |  18.15    |  0.4662   |  23.55    |  39.17    |  44.07    |
|  407      |  0.5241   |  7.317    |  16.11    |  18.82    |  0.5472   |  21.54    |  39.73    |  44.29    |
|  408      |  0.5232   |  8.92     |  16.73    |  18.68    |  0.5373   |  21.54    |  36.71    |  43.55    |
|  409      |  0.5185   |  8.344    |  9.389    |  16.1     |  0.4155   |  45.04    |  24.15    |  28.75    |
|  410      |  0.5222   |  7.109    |  17.42    |  19.71    |  0.478    |  23.23    |  38.67    |  44.06    |
|  411      |  0.5092   |  5.803    |  11.14    |  14.11    |  0.2065   |  43.55    |  24.94    |  31.17    |
|  412      |  0.5133   |  4.568    |  9.619    |  16.15    |  0.2055   |  41.81    |  22.9     |  31.1     |
|  413      |  0.524    |  6.011    |  12.63    |  8.611    |  0.5567   |  49.59    |  20.22    |  49.57    |
|  414      |  0.5147   |  5.397    |  13.88    |  13.34    |  0.4111   |  42.28    |  25.18    |  35.05    |
|  415      |  0.5042   |  8.908    |  14.45    |  16.82    |  0.3912   |  17.06    |  43.26    |  46.96    |
|  416      |  0.5123   |  3.516    |  9.099    |  14.12    |  0.2034   |  41.81    |  25.01    |  33.98    |
|  417      |  0.5259   |  7.597    |  14.81    |  19.36    |  0.556    |  23.56    |  37.34    |  47.43    |
|  418      |  0.5266   |  5.777    |  15.54    |  5.113    |  0.4971   |  48.33    |  52.27    |  58.08    |
|  419      |  0.5128   |  8.521    |  17.34    |  18.66    |  0.4384   |  16.14    |  40.92    |  45.56    |
|  420      |  0.5203   |  9.087    |  13.45    |  18.53    |  0.4657   |  15.63    |  40.65    |  45.03    |
|  421      |  0.5209   |  9.201    |  12.59    |  15.37    |  0.2554   |  47.76    |  24.73    |  29.12    |
|  422      |  0.5187   |  4.745    |  13.15    |  10.58    |  0.6      |  38.42    |  19.7     |  32.74    |
|  423      |  0.5022   |  6.929    |  16.03    |  8.301    |  0.1638   |  49.74    |  20.02    |  49.71    |
|  424      |  0.5058   |  2.915    |  13.53    |  10.56    |  0.2413   |  36.96    |  21.55    |  33.34    |
|  425      |  0.5133   |  8.978    |  13.49    |  20.0     |  0.6      |  34.23    |  45.25    |  54.3     |
|  426      |  0.5116   |  4.031    |  9.931    |  13.5     |  0.2632   |  38.01    |  22.67    |  33.23    |
|  427      |  0.5171   |  8.23     |  10.45    |  13.65    |  0.1576   |  46.95    |  25.94    |  30.03    |
|  428      |  0.508    |  6.082    |  8.862    |  7.611    |  0.5691   |  48.07    |  17.02    |  51.05    |
|  429      |  0.5175   |  9.399    |  19.15    |  15.96    |  0.4935   |  15.84    |  42.35    |  46.29    |
|  430      |  0.512    |  5.519    |  18.23    |  5.034    |  0.3611   |  47.97    |  53.95    |  58.71    |
|  431      |  0.5145   |  5.309    |  14.86    |  16.02    |  0.3629   |  19.89    |  40.59    |  45.23    |
|  432      |  0.5131   |  9.641    |  15.84    |  13.15    |  0.528    |  13.93    |  43.0     |  47.11    |
|  433      |  0.5175   |  7.019    |  18.77    |  17.79    |  0.5891   |  18.69    |  43.77    |  45.86    |
|  434      |  0.5206   |  9.943    |  11.42    |  13.89    |  0.3731   |  46.18    |  25.27    |  27.26    |
|  435      |  0.5229   |  8.247    |  13.54    |  15.04    |  0.3318   |  47.42    |  24.59    |  28.14    |
|  436      |  0.5131   |  9.184    |  19.08    |  17.16    |  0.2963   |  17.43    |  40.51    |  42.28    |
|  437      |  0.5186   |  6.016    |  18.66    |  19.01    |  0.3824   |  22.48    |  37.89    |  42.21    |
|  438      |  0.5185   |  8.432    |  16.29    |  16.67    |  0.6      |  17.31    |  41.05    |  44.77    |
|  439      |  0.518    |  9.556    |  16.63    |  18.74    |  0.4404   |  20.51    |  41.81    |  45.15    |
|  440      |  0.5075   |  8.486    |  9.543    |  6.502    |  0.3388   |  47.86    |  21.69    |  52.62    |
|  441      |  0.5178   |  3.263    |  13.83    |  12.44    |  0.3848   |  41.11    |  24.52    |  34.28    |
|  442      |  0.5188   |  6.628    |  17.33    |  16.23    |  0.4883   |  13.34    |  43.36    |  44.71    |
|  443      |  0.5195   |  8.383    |  16.71    |  15.83    |  0.6      |  14.77    |  42.27    |  45.22    |
|  444      |  0.513    |  8.098    |  9.34     |  14.49    |  0.2616   |  47.3     |  25.18    |  27.72    |
|  445      |  0.506    |  8.738    |  17.65    |  13.53    |  0.158    |  13.58    |  41.35    |  44.14    |
|  446      |  0.5163   |  7.464    |  14.1     |  19.02    |  0.3534   |  15.8     |  41.67    |  44.05    |
|  447      |  0.5077   |  4.592    |  11.74    |  14.97    |  0.15     |  43.04    |  24.32    |  34.56    |
|  448      |  0.503    |  9.119    |  10.84    |  12.75    |  0.2579   |  47.32    |  23.44    |  28.16    |
|  449      |  0.5088   |  4.427    |  14.53    |  14.12    |  0.1723   |  44.89    |  24.05    |  31.95    |
|  450      |  0.5197   |  6.77     |  17.58    |  15.73    |  0.536    |  16.17    |  42.25    |  46.15    |
|  451      |  0.5225   |  4.49     |  11.94    |  14.51    |  0.4431   |  37.55    |  24.61    |  32.88    |
|  452      |  0.5166   |  8.392    |  11.92    |  15.21    |  0.4201   |  45.64    |  25.17    |  28.76    |
|  453      |  0.5354   |  7.483    |  16.78    |  18.21    |  0.5792   |  22.38    |  35.16    |  45.1     |
|  454      |  0.498    |  6.575    |  10.49    |  6.361    |  0.1545   |  48.48    |  23.28    |  50.49    |
|  455      |  0.5289   |  6.888    |  15.88    |  16.24    |  0.6      |  14.62    |  41.22    |  46.56    |
|  456      |  0.5121   |  9.598    |  15.31    |  18.86    |  0.2471   |  21.35    |  36.32    |  48.24    |
|  457      |  0.5225   |  6.764    |  14.43    |  18.61    |  0.5367   |  21.62    |  38.0     |  48.59    |
|  458      |  0.5152   |  7.449    |  16.8     |  18.53    |  0.6      |  22.25    |  36.86    |  45.96    |
|  459      |  0.5099   |  8.472    |  12.47    |  8.088    |  0.2993   |  49.21    |  21.9     |  50.26    |
|  460      |  0.5197   |  8.379    |  15.58    |  17.71    |  0.4015   |  21.81    |  39.21    |  47.47    |
|  461      |  0.514    |  6.838    |  14.26    |  16.5     |  0.2714   |  23.09    |  36.47    |  44.58    |
|  462      |  0.5219   |  9.504    |  16.3     |  18.56    |  0.5342   |  23.82    |  33.85    |  43.16    |
|  463      |  0.5143   |  4.212    |  13.91    |  14.19    |  0.3038   |  38.84    |  26.1     |  32.14    |
|  464      |  0.5163   |  2.549    |  10.2     |  14.95    |  0.3951   |  40.55    |  24.34    |  31.38    |
|  465      |  0.5251   |  6.033    |  16.91    |  5.338    |  0.5891   |  47.9     |  49.65    |  57.9     |
|  466      |  0.5224   |  9.082    |  16.76    |  18.45    |  0.4556   |  18.92    |  40.26    |  43.39    |
|  467      |  0.5185   |  9.721    |  19.63    |  16.73    |  0.4527   |  20.32    |  36.48    |  43.25    |
|  468      |  0.5239   |  8.319    |  18.7     |  16.37    |  0.4586   |  21.94    |  34.88    |  42.06    |
|  469      |  0.5184   |  9.225    |  16.41    |  16.21    |  0.2668   |  21.12    |  34.15    |  44.93    |
|  470      |  0.5101   |  9.906    |  13.29    |  15.21    |  0.15     |  45.92    |  23.72    |  27.75    |
|  471      |  0.513    |  6.682    |  18.15    |  16.8     |  0.3571   |  22.47    |  33.78    |  43.69    |
|  472      |  0.5105   |  7.738    |  15.54    |  15.79    |  0.1712   |  22.94    |  35.7     |  47.39    |
|  473      |  0.5255   |  3.985    |  11.64    |  13.7     |  0.6      |  39.7     |  25.07    |  33.11    |
|  474      |  0.5127   |  5.573    |  18.35    |  16.61    |  0.3254   |  12.53    |  41.42    |  45.43    |
|  475      |  0.5125   |  9.896    |  17.14    |  19.62    |  0.5009   |  22.66    |  38.72    |  43.0     |
|  476      |  0.5221   |  8.431    |  17.36    |  17.88    |  0.5432   |  19.25    |  38.73    |  45.51    |
|  477      |  0.5188   |  2.994    |  9.13     |  16.23    |  0.3284   |  38.25    |  24.82    |  32.62    |
|  478      |  0.5018   |  6.955    |  17.07    |  17.2     |  0.1633   |  17.08    |  45.94    |  44.79    |
|  479      |  0.5259   |  4.176    |  15.97    |  6.555    |  0.5992   |  47.97    |  51.98    |  58.39    |
|  480      |  0.5128   |  4.487    |  16.52    |  19.93    |  0.2357   |  20.96    |  38.39    |  43.97    |
|  481      |  0.5308   |  4.073    |  11.79    |  15.69    |  0.6      |  39.58    |  24.29    |  33.02    |
|  482      |  0.5141   |  6.582    |  16.08    |  17.59    |  0.5845   |  19.49    |  39.99    |  47.49    |
|  483      |  0.5193   |  7.007    |  15.93    |  16.42    |  0.5763   |  21.1     |  34.84    |  43.08    |
|  484      |  0.5129   |  2.716    |  12.3     |  14.88    |  0.15     |  39.21    |  24.18    |  33.57    |
|  485      |  0.5124   |  5.642    |  14.24    |  19.68    |  0.2494   |  18.4     |  41.07    |  42.0     |
|  486      |  0.5253   |  5.076    |  13.14    |  16.11    |  0.5365   |  41.57    |  22.96    |  34.34    |
|  487      |  0.5159   |  8.798    |  12.61    |  14.14    |  0.3505   |  47.86    |  26.56    |  27.81    |
|  488      |  0.5184   |  5.874    |  14.12    |  15.93    |  0.263    |  39.03    |  25.73    |  35.43    |
|  489      |  0.516    |  6.997    |  15.91    |  17.68    |  0.417    |  14.79    |  41.51    |  48.55    |
|  490      |  0.5272   |  5.804    |  12.55    |  15.42    |  0.6      |  39.95    |  24.39    |  33.27    |
|  491      |  0.5119   |  5.638    |  17.25    |  6.121    |  0.4886   |  48.19    |  51.19    |  61.29    |
|  492      |  0.5072   |  9.648    |  16.46    |  17.29    |  0.2022   |  23.91    |  34.5     |  46.11    |
|  493      |  0.5191   |  3.767    |  9.585    |  16.59    |  0.5449   |  39.4     |  24.96    |  35.52    |
|  494      |  0.5218   |  7.3      |  12.23    |  17.31    |  0.4751   |  42.27    |  23.51    |  31.09    |
|  495      |  0.5006   |  7.975    |  18.12    |  15.68    |  0.1852   |  15.25    |  42.98    |  48.35    |
|  496      |  0.518    |  7.042    |  12.4     |  18.63    |  0.5914   |  22.1     |  39.45    |  47.26    |
|  497      |  0.5147   |  5.798    |  11.35    |  17.32    |  0.3662   |  44.39    |  23.33    |  28.67    |
|  498      |  0.5145   |  6.867    |  15.1     |  17.82    |  0.4033   |  23.52    |  38.36    |  49.0     |
|  499      |  0.5175   |  8.099    |  13.69    |  17.39    |  0.5788   |  47.71    |  24.6     |  30.68    |
|  500      |  0.5054   |  6.225    |  10.93    |  8.365    |  0.2641   |  49.56    |  18.06    |  48.44    |
|  501      |  0.5189   |  3.135    |  14.63    |  17.14    |  0.4835   |  42.44    |  24.49    |  32.23    |
|  502      |  0.523    |  9.266    |  11.32    |  17.52    |  0.4877   |  43.48    |  24.57    |  28.1     |
|  503      |  0.5156   |  7.258    |  9.718    |  19.24    |  0.2408   |  43.28    |  26.03    |  29.05    |
|  504      |  0.5205   |  5.409    |  16.53    |  18.94    |  0.4215   |  22.36    |  35.92    |  42.4     |
|  505      |  0.5089   |  7.113    |  14.85    |  19.68    |  0.3299   |  20.18    |  39.67    |  48.72    |
|  506      |  0.5166   |  6.584    |  11.38    |  16.81    |  0.4108   |  40.06    |  24.32    |  31.14    |
|  507      |  0.5114   |  7.51     |  17.81    |  15.49    |  0.3292   |  19.0     |  36.72    |  41.95    |
|  508      |  0.5143   |  8.917    |  15.04    |  17.92    |  0.4865   |  12.93    |  40.41    |  47.03    |
|  509      |  0.5164   |  4.413    |  14.06    |  16.97    |  0.3227   |  41.46    |  25.07    |  32.07    |
|  510      |  0.5236   |  8.952    |  13.48    |  17.93    |  0.397    |  18.4     |  36.33    |  46.29    |
|  511      |  0.5141   |  4.297    |  13.07    |  16.27    |  0.4127   |  42.83    |  23.76    |  32.08    |
|  512      |  0.5302   |  8.563    |  11.32    |  17.64    |  0.6      |  44.38    |  24.15    |  30.48    |
|  513      |  0.5096   |  6.369    |  16.41    |  19.22    |  0.3682   |  23.65    |  33.17    |  45.52    |
|  514      |  0.5144   |  8.914    |  19.59    |  16.3     |  0.3405   |  22.09    |  35.6     |  44.86    |
|  515      |  0.5293   |  9.039    |  15.96    |  19.38    |  0.5402   |  16.66    |  40.21    |  41.49    |
|  516      |  0.5271   |  7.483    |  16.04    |  15.89    |  0.6      |  15.86    |  39.61    |  46.96    |
|  517      |  0.5267   |  4.442    |  16.69    |  5.0      |  0.6      |  47.94    |  51.11    |  57.48    |
|  518      |  0.5224   |  9.502    |  13.17    |  19.34    |  0.5572   |  17.51    |  34.5     |  45.14    |
|  519      |  0.5304   |  7.174    |  16.37    |  19.4     |  0.5225   |  20.69    |  40.25    |  42.43    |
|  520      |  0.5152   |  6.486    |  11.12    |  13.95    |  0.1659   |  39.14    |  22.66    |  33.47    |
|  521      |  0.5242   |  4.578    |  12.94    |  14.33    |  0.4622   |  40.25    |  24.27    |  38.64    |
|  522      |  0.5207   |  8.402    |  12.89    |  16.68    |  0.6      |  44.77    |  23.53    |  31.61    |
|  523      |  0.51     |  4.602    |  16.0     |  5.0      |  0.15     |  48.87    |  50.98    |  59.04    |
|  524      |  0.5173   |  7.757    |  17.92    |  19.88    |  0.5479   |  20.25    |  39.74    |  44.03    |
|  525      |  0.5134   |  9.366    |  15.66    |  16.63    |  0.2599   |  14.71    |  37.8     |  47.92    |
|  526      |  0.5305   |  7.082    |  11.39    |  16.46    |  0.5869   |  45.54    |  23.85    |  33.79    |
|  527      |  0.5217   |  6.519    |  15.75    |  17.78    |  0.5212   |  20.98    |  34.73    |  47.1     |
|  528      |  0.5215   |  8.335    |  14.72    |  18.23    |  0.4226   |  15.53    |  39.67    |  40.95    |
|  529      |  0.5139   |  6.511    |  15.26    |  18.71    |  0.2731   |  20.72    |  36.77    |  45.33    |
|  530      |  0.5268   |  5.121    |  11.88    |  16.34    |  0.6      |  39.49    |  23.77    |  35.0     |
|  531      |  0.5204   |  5.104    |  10.78    |  15.72    |  0.6      |  39.26    |  25.63    |  33.52    |
|  532      |  0.5269   |  9.203    |  15.78    |  18.21    |  0.4566   |  19.96    |  33.08    |  41.43    |
|  533      |  0.5127   |  8.492    |  13.05    |  19.34    |  0.1929   |  43.36    |  26.35    |  30.57    |
|  534      |  0.5281   |  6.921    |  14.46    |  18.75    |  0.5999   |  19.03    |  37.75    |  39.92    |
|  535      |  0.5114   |  8.343    |  13.07    |  19.72    |  0.4965   |  16.5     |  38.61    |  40.26    |
|  536      |  0.5169   |  7.664    |  10.05    |  17.28    |  0.3035   |  42.55    |  23.49    |  33.0     |
|  537      |  0.4913   |  4.647    |  15.77    |  7.848    |  0.1886   |  48.92    |  53.95    |  58.46    |
|  538      |  0.5224   |  8.17     |  16.69    |  18.83    |  0.6      |  21.18    |  34.24    |  43.91    |
|  539      |  0.5141   |  8.752    |  11.23    |  19.67    |  0.3725   |  18.64    |  37.97    |  45.84    |
|  540      |  0.5185   |  7.778    |  16.07    |  17.5     |  0.588    |  15.56    |  35.35    |  46.63    |
|  541      |  0.5287   |  5.579    |  15.45    |  19.68    |  0.5501   |  21.5     |  36.14    |  39.91    |
|  542      |  0.511    |  6.307    |  13.33    |  17.28    |  0.1651   |  16.43    |  36.27    |  44.86    |
|  543      |  0.5182   |  8.451    |  14.92    |  18.21    |  0.3673   |  22.76    |  35.53    |  41.05    |
|  544      |  0.5093   |  8.257    |  12.0     |  16.84    |  0.2151   |  45.02    |  23.87    |  36.54    |
|  545      |  0.5207   |  9.265    |  15.32    |  17.6     |  0.3933   |  19.6     |  40.2     |  42.14    |
|  546      |  0.5178   |  6.446    |  16.77    |  5.211    |  0.3853   |  46.97    |  51.68    |  57.31    |
|  547      |  0.5291   |  9.126    |  10.83    |  16.27    |  0.5783   |  41.69    |  24.8     |  26.47    |
|  548      |  0.5193   |  6.599    |  17.6     |  15.97    |  0.5703   |  16.6     |  38.56    |  43.97    |
|  549      |  0.5123   |  5.552    |  14.93    |  14.04    |  0.3589   |  15.16    |  40.32    |  46.42    |
|  550      |  0.5262   |  7.236    |  16.05    |  19.53    |  0.6      |  20.28    |  37.7     |  41.05    |
|  551      |  0.511    |  6.639    |  17.38    |  18.73    |  0.2079   |  20.82    |  41.54    |  40.92    |
|  552      |  0.5276   |  9.392    |  17.99    |  15.21    |  0.598    |  16.43    |  36.33    |  45.14    |
|  553      |  0.518    |  3.439    |  13.95    |  17.95    |  0.4132   |  41.96    |  25.67    |  36.63    |
|  554      |  0.5082   |  5.424    |  14.37    |  9.301    |  0.4944   |  39.56    |  18.77    |  34.44    |
|  555      |  0.5145   |  8.466    |  16.68    |  18.74    |  0.3248   |  19.09    |  33.47    |  43.71    |
|  556      |  0.5175   |  9.109    |  15.0     |  18.03    |  0.2428   |  15.69    |  34.25    |  40.34    |
|  557      |  0.5108   |  5.598    |  15.4     |  19.82    |  0.2275   |  19.07    |  36.67    |  39.82    |
|  558      |  0.524    |  4.509    |  15.56    |  17.18    |  0.4447   |  21.94    |  36.25    |  40.39    |
|  559      |  0.5298   |  7.865    |  12.81    |  17.78    |  0.5411   |  20.23    |  36.55    |  40.13    |
|  560      |  0.4966   |  4.393    |  14.87    |  6.002    |  0.2707   |  47.44    |  51.42    |  56.02    |
|  561      |  0.5107   |  6.794    |  14.79    |  15.95    |  0.1803   |  16.91    |  35.98    |  39.89    |
|  562      |  0.5225   |  7.016    |  15.75    |  18.25    |  0.4936   |  17.49    |  38.16    |  43.37    |
|  563      |  0.5258   |  4.377    |  13.91    |  15.69    |  0.6      |  40.4     |  23.74    |  36.4     |
|  564      |  0.5301   |  6.537    |  14.34    |  17.92    |  0.6      |  21.06    |  37.53    |  40.41    |
|  565      |  0.5174   |  6.02     |  15.55    |  14.74    |  0.4776   |  22.02    |  36.26    |  38.37    |
|  566      |  0.5192   |  8.166    |  14.73    |  19.52    |  0.3132   |  16.48    |  35.9     |  43.35    |
|  567      |  0.5275   |  8.752    |  14.71    |  18.14    |  0.6      |  19.35    |  36.12    |  41.07    |
|  568      |  0.5179   |  4.971    |  15.65    |  18.76    |  0.376    |  39.8     |  23.92    |  33.6     |
|  569      |  0.5202   |  6.327    |  14.6     |  16.68    |  0.6      |  13.19    |  42.37    |  45.69    |
|  570      |  0.5208   |  7.199    |  14.9     |  17.88    |  0.6      |  20.67    |  35.63    |  39.25    |
|  571      |  0.5129   |  7.907    |  8.862    |  17.44    |  0.453    |  43.47    |  25.07    |  26.1     |
|  572      |  0.5213   |  10.0     |  16.97    |  17.36    |  0.6      |  20.82    |  34.79    |  41.58    |
|  573      |  0.5175   |  9.335    |  17.33    |  13.6     |  0.4805   |  17.18    |  38.0     |  45.73    |
|  574      |  0.5377   |  4.785    |  12.24    |  14.2     |  0.6      |  39.49    |  24.91    |  36.22    |
|  575      |  0.5229   |  10.0     |  15.08    |  18.87    |  0.6      |  16.72    |  38.85    |  43.02    |
|  576      |  0.5257   |  7.967    |  15.2     |  18.51    |  0.4675   |  18.5     |  38.86    |  39.84    |
|  577      |  0.5229   |  9.942    |  13.34    |  14.9     |  0.5816   |  18.91    |  35.36    |  41.64    |
|  578      |  0.5184   |  3.854    |  12.4     |  14.92    |  0.6      |  39.91    |  25.97    |  36.77    |
|  579      |  0.5247   |  6.114    |  12.41    |  14.2     |  0.6      |  39.42    |  24.02    |  36.68    |
|  580      |  0.5218   |  3.745    |  16.55    |  16.58    |  0.5981   |  14.93    |  41.49    |  44.28    |
|  581      |  0.5202   |  8.886    |  16.73    |  13.4     |  0.46     |  21.29    |  34.87    |  42.45    |
|  582      |  0.5278   |  8.026    |  13.82    |  19.16    |  0.6      |  20.23    |  38.54    |  41.18    |
|  583      |  0.5138   |  9.243    |  13.03    |  15.63    |  0.1542   |  21.85    |  32.75    |  43.2     |
|  584      |  0.5241   |  9.791    |  15.4     |  16.52    |  0.6      |  17.41    |  35.68    |  44.28    |
|  585      |  0.5199   |  9.91     |  13.6     |  13.64    |  0.322    |  21.23    |  35.85    |  40.16    |
|  586      |  0.5134   |  9.937    |  15.28    |  19.1     |  0.4664   |  16.98    |  34.37    |  43.48    |
|  587      |  0.5166   |  9.27     |  17.2     |  16.21    |  0.4048   |  14.16    |  36.2     |  43.48    |
|  588      |  0.5134   |  2.64     |  10.93    |  18.93    |  0.3876   |  39.35    |  24.33    |  34.84    |
|  589      |  0.5201   |  6.411    |  12.17    |  16.25    |  0.4401   |  19.23    |  36.15    |  43.05    |
|  590      |  0.5252   |  8.775    |  12.95    |  17.77    |  0.6      |  19.31    |  34.65    |  42.33    |
|  591      |  0.5096   |  6.565    |  16.51    |  15.42    |  0.1636   |  19.17    |  36.15    |  45.14    |
|  592      |  0.5124   |  7.579    |  18.17    |  16.59    |  0.271    |  17.19    |  36.73    |  45.84    |
|  593      |  0.5294   |  9.13     |  14.5     |  16.16    |  0.6      |  19.92    |  33.82    |  40.62    |
|  594      |  0.5206   |  9.875    |  17.15    |  18.94    |  0.3406   |  16.02    |  37.89    |  42.04    |
|  595      |  0.5134   |  8.728    |  9.842    |  14.26    |  0.2861   |  44.97    |  26.19    |  24.42    |
|  596      |  0.5085   |  10.0     |  13.23    |  17.34    |  0.15     |  19.51    |  34.91    |  39.85    |
