"C:\Users\korna\Documents\Учёба\Проектная практика\TrackingOptimization\venv\Scripts\python.exe" "C:/Users/korna/Documents/Учёба/Проектная практика/TrackingOptimization/main.py"
OpenCV v4.1.0

|   iter    |  target   | maxLevel  | maxMed... | points... | termCr... | termCr... |  winSize  | winSiz... |
-------------------------------------------------------------------------------------------------------------
|  1        |  0.4834   |  5.0      |  10.0     |  10.0     |  0.3      |  20.0     |  3.0      |  30.0     |
|  2        |  0.4931   |  9.989    |  11.32    |  16.95    |  0.2324   |  12.5     |  60.16    |  23.02    |
|  3        |  0.4604   |  4.914    |  6.937    |  17.87    |  0.3326   |  37.58    |  8.803    |  75.53    |
|  4        |  0.499    |  6.013    |  15.37    |  12.79    |  0.277    |  23.69    |  68.84    |  84.26    |
|  5        |  0.5142   |  3.059    |  7.874    |  5.405    |  0.2934   |  45.58    |  85.05    |  44.08    |
|  6        |  0.4962   |  2.017    |  15.67    |  9.668    |  0.5044   |  46.34    |  90.54    |  29.91    |
|  7        |  0.4982   |  5.531    |  16.75    |  11.26    |  0.4029   |  24.92    |  68.61    |  85.94    |
|  8        |  0.4937   |  10.0     |  5.0      |  5.0      |  0.15     |  49.68    |  94.95    |  67.0     |
|  9        |  0.4787   |  2.0      |  5.0      |  5.0      |  0.15     |  37.78    |  68.68    |  49.65    |
|  10       |  0.4944   |  3.233    |  5.0      |  5.0      |  0.2889   |  50.0     |  93.88    |  44.81    |
|  11       |  0.4991   |  5.254    |  15.44    |  5.0      |  0.3988   |  45.61    |  84.24    |  43.4     |
|  12       |  0.4857   |  2.0      |  5.0      |  7.291    |  0.2672   |  43.65    |  84.05    |  38.17    |
|  13       |  0.4879   |  3.304    |  9.775    |  10.82    |  0.1685   |  42.75    |  86.6     |  48.06    |
|  14       |  0.5016   |  7.509    |  9.174    |  6.163    |  0.3574   |  46.34    |  88.65    |  44.2     |
|  15       |  0.488    |  7.436    |  11.52    |  6.357    |  0.2819   |  42.85    |  84.02    |  44.76    |
|  16       |  0.4946   |  2.894    |  9.239    |  5.0      |  0.3975   |  48.19    |  86.22    |  44.14    |
|  17       |  0.5037   |  3.807    |  9.032    |  5.413    |  0.358    |  46.04    |  87.67    |  42.29    |
|  18       |  0.5111   |  3.987    |  10.54    |  6.664    |  0.4311   |  46.88    |  82.31    |  43.19    |
|  19       |  0.5089   |  5.376    |  6.202    |  8.86     |  0.4555   |  48.68    |  85.63    |  45.9     |
|  20       |  0.4996   |  2.845    |  6.685    |  5.894    |  0.5116   |  44.33    |  83.07    |  41.51    |
|  21       |  0.5046   |  2.099    |  7.229    |  9.767    |  0.3856   |  45.11    |  82.39    |  43.57    |
|  22       |  0.5035   |  3.755    |  9.303    |  10.42    |  0.5657   |  49.54    |  83.46    |  40.21    |
|  23       |  0.4854   |  7.748    |  6.385    |  8.559    |  0.1725   |  49.38    |  81.62    |  46.32    |
|  24       |  0.4963   |  3.305    |  6.714    |  5.642    |  0.2231   |  49.18    |  84.2     |  41.65    |
|  25       |  0.4894   |  4.764    |  11.93    |  9.432    |  0.1796   |  46.19    |  87.3     |  40.72    |
|  26       |  0.5079   |  7.871    |  9.797    |  8.062    |  0.4567   |  48.58    |  82.72    |  40.62    |
|  27       |  0.4962   |  3.729    |  10.67    |  6.318    |  0.5782   |  44.46    |  84.14    |  43.05    |
|  28       |  0.5029   |  2.194    |  6.713    |  8.466    |  0.2914   |  46.46    |  83.65    |  43.78    |
|  29       |  0.5047   |  6.952    |  6.09     |  7.686    |  0.3471   |  43.27    |  86.75    |  45.27    |
|  30       |  0.4931   |  4.017    |  13.55    |  8.569    |  0.5457   |  48.73    |  83.01    |  42.69    |
|  31       |  0.5021   |  6.169    |  8.065    |  9.609    |  0.4811   |  48.48    |  88.24    |  44.08    |
|  32       |  0.513    |  3.917    |  6.88     |  5.11     |  0.3832   |  45.68    |  82.05    |  45.69    |
|  33       |  0.5017   |  4.593    |  10.89    |  7.316    |  0.3349   |  47.94    |  79.71    |  39.73    |
|  34       |  0.4916   |  4.139    |  5.923    |  9.27     |  0.1668   |  45.86    |  87.18    |  47.02    |
|  35       |  0.4934   |  2.269    |  6.705    |  6.065    |  0.2927   |  46.06    |  81.19    |  49.86    |
|  36       |  0.5016   |  3.113    |  6.37     |  5.085    |  0.3342   |  43.41    |  84.36    |  47.58    |
|  37       |  0.4908   |  3.594    |  6.215    |  10.14    |  0.3717   |  48.14    |  80.56    |  41.65    |
|  38       |  0.5042   |  5.106    |  7.321    |  7.676    |  0.5306   |  42.53    |  82.88    |  45.01    |
|  39       |  0.4894   |  4.375    |  5.899    |  7.595    |  0.1679   |  49.16    |  87.12    |  42.69    |
|  40       |  0.496    |  7.764    |  11.83    |  8.034    |  0.2129   |  49.29    |  80.33    |  38.2     |
|  41       |  0.4995   |  6.233    |  9.552    |  10.68    |  0.3773   |  45.13    |  81.95    |  39.84    |
|  42       |  0.4972   |  4.058    |  7.814    |  11.42    |  0.5369   |  49.43    |  83.88    |  44.7     |
|  43       |  0.4847   |  8.253    |  7.941    |  10.63    |  0.5963   |  45.95    |  83.51    |  43.71    |
|  44       |  0.4916   |  6.95     |  9.051    |  5.483    |  0.2289   |  47.89    |  82.69    |  40.33    |
|  45       |  0.5003   |  6.429    |  7.774    |  8.062    |  0.5272   |  46.21    |  87.51    |  43.87    |
|  46       |  0.5006   |  4.619    |  8.114    |  7.906    |  0.3835   |  49.67    |  82.07    |  40.13    |
|  47       |  0.4986   |  2.575    |  11.15    |  9.722    |  0.304    |  47.87    |  80.94    |  36.41    |
|  48       |  0.5038   |  3.68     |  8.117    |  6.08     |  0.3041   |  45.95    |  83.08    |  44.61    |
|  49       |  0.4927   |  5.697    |  11.59    |  5.889    |  0.5384   |  47.16    |  78.9     |  43.15    |
|  50       |  0.4968   |  3.5      |  11.98    |  5.053    |  0.5768   |  45.33    |  88.18    |  43.2     |
|  51       |  0.5036   |  7.883    |  10.01    |  12.35    |  0.4173   |  49.91    |  83.94    |  41.12    |
|  52       |  0.5031   |  4.134    |  8.38     |  9.006    |  0.3681   |  42.88    |  83.68    |  43.3     |
|  53       |  0.503    |  5.814    |  5.908    |  7.441    |  0.479    |  49.51    |  84.13    |  44.18    |
|  54       |  0.4911   |  8.997    |  10.83    |  7.063    |  0.316    |  46.92    |  86.52    |  40.22    |
|  55       |  0.4953   |  5.986    |  10.61    |  8.579    |  0.5757   |  49.09    |  83.97    |  41.64    |
|  56       |  0.4964   |  2.82     |  10.64    |  6.463    |  0.4762   |  45.02    |  80.37    |  39.34    |
|  57       |  0.5056   |  4.908    |  7.544    |  7.53     |  0.3072   |  48.39    |  87.79    |  45.93    |
|  58       |  0.4884   |  4.989    |  5.805    |  6.079    |  0.5371   |  45.46    |  85.08    |  45.1     |
|  59       |  0.4943   |  2.668    |  11.52    |  7.606    |  0.4517   |  47.95    |  79.95    |  38.36    |
|  60       |  0.5063   |  3.156    |  10.42    |  6.105    |  0.2687   |  46.39    |  82.77    |  41.46    |
|  61       |  0.5105   |  4.342    |  12.0     |  5.276    |  0.4956   |  46.21    |  81.77    |  46.08    |
|  62       |  0.5064   |  6.157    |  7.196    |  12.78    |  0.4368   |  49.58    |  83.52    |  39.61    |
|  63       |  0.4946   |  8.298    |  8.914    |  13.54    |  0.5754   |  49.14    |  83.41    |  37.56    |
|  64       |  0.5032   |  2.25     |  12.2     |  5.101    |  0.5893   |  44.32    |  82.79    |  43.47    |
|  65       |  0.484    |  5.534    |  5.484    |  7.96     |  0.1657   |  41.48    |  85.3     |  46.29    |
|  66       |  0.4914   |  2.043    |  8.315    |  11.17    |  0.4899   |  45.49    |  82.17    |  41.04    |
|  67       |  0.4856   |  2.806    |  6.58     |  7.623    |  0.5213   |  44.5     |  79.94    |  42.8     |
|  68       |  0.5053   |  3.499    |  9.001    |  6.553    |  0.286    |  45.74    |  86.19    |  40.4     |
|  69       |  0.5093   |  2.337    |  11.44    |  7.715    |  0.288    |  45.2     |  80.03    |  44.96    |
|  70       |  0.506    |  2.981    |  9.752    |  9.509    |  0.2896   |  46.91    |  79.33    |  42.87    |
|  71       |  0.4955   |  6.134    |  9.369    |  9.899    |  0.1951   |  46.87    |  82.36    |  38.33    |
|  72       |  0.4804   |  3.467    |  8.825    |  6.981    |  0.5005   |  46.15    |  79.99    |  46.96    |
|  73       |  0.5144   |  3.152    |  8.017    |  11.82    |  0.3239   |  49.45    |  87.66    |  47.44    |
|  74       |  0.4998   |  2.88     |  12.87    |  5.61     |  0.3339   |  45.71    |  78.63    |  43.78    |
|  75       |  0.5047   |  4.539    |  9.035    |  5.644    |  0.3427   |  47.16    |  81.73    |  45.24    |
|  76       |  0.5103   |  3.172    |  12.06    |  5.05     |  0.4278   |  47.25    |  80.8     |  47.39    |
|  77       |  0.4589   |  2.544    |  11.75    |  9.013    |  0.5908   |  45.71    |  77.47    |  43.95    |
|  78       |  0.4949   |  2.817    |  8.661    |  5.086    |  0.1595   |  48.83    |  79.73    |  44.67    |
|  79       |  0.4904   |  6.925    |  6.623    |  9.537    |  0.2093   |  49.39    |  84.43    |  43.11    |
|  80       |  0.4987   |  5.501    |  5.267    |  13.59    |  0.3577   |  49.13    |  81.53    |  39.63    |
|  81       |  0.5013   |  3.924    |  12.87    |  8.695    |  0.2395   |  46.34    |  82.95    |  45.73    |
|  82       |  0.5209   |  4.931    |  7.357    |  7.348    |  0.3589   |  46.15    |  84.85    |  42.82    |
|  83       |  0.5086   |  2.639    |  12.67    |  5.443    |  0.4043   |  45.93    |  79.42    |  46.41    |
|  84       |  0.4952   |  4.448    |  12.17    |  9.438    |  0.2824   |  46.0     |  80.99    |  43.54    |
|  85       |  0.5061   |  4.083    |  9.825    |  12.61    |  0.2404   |  46.61    |  86.41    |  44.68    |
|  86       |  0.4981   |  5.936    |  10.55    |  12.19    |  0.1575   |  46.49    |  84.51    |  44.29    |
|  87       |  0.4982   |  3.378    |  7.941    |  8.559    |  0.2779   |  45.87    |  86.06    |  43.7     |
|  88       |  0.4968   |  3.239    |  8.282    |  10.97    |  0.5444   |  48.77    |  85.11    |  49.19    |
|  89       |  0.505    |  3.967    |  10.37    |  6.797    |  0.4104   |  44.09    |  85.48    |  40.91    |
|  90       |  0.4805   |  3.445    |  11.03    |  6.478    |  0.5751   |  42.21    |  86.48    |  41.86    |
|  91       |  0.5023   |  4.629    |  9.433    |  6.989    |  0.2363   |  47.73    |  86.31    |  42.09    |
|  92       |  0.4857   |  4.579    |  9.152    |  15.32    |  0.171    |  48.89    |  83.16    |  39.03    |
|  93       |  0.4948   |  7.338    |  7.372    |  6.541    |  0.1829   |  46.44    |  87.83    |  41.82    |
|  94       |  0.481    |  2.332    |  6.536    |  6.412    |  0.3443   |  45.57    |  82.21    |  46.04    |
|  95       |  0.4956   |  7.206    |  10.02    |  5.171    |  0.2702   |  47.56    |  83.87    |  43.45    |
|  96       |  0.4934   |  7.473    |  9.099    |  8.198    |  0.1691   |  47.63    |  88.7     |  44.57    |
|  97       |  0.4827   |  7.24     |  5.827    |  8.276    |  0.1557   |  46.73    |  87.0     |  42.93    |
|  98       |  0.5064   |  2.95     |  10.04    |  12.28    |  0.3552   |  49.79    |  88.03    |  47.95    |
|  99       |  0.4891   |  6.363    |  9.564    |  6.903    |  0.562    |  44.57    |  83.21    |  42.24    |
|  100      |  0.5063   |  3.257    |  12.09    |  6.287    |  0.5209   |  47.78    |  80.57    |  46.78    |
|  101      |  0.4979   |  2.853    |  12.1     |  5.772    |  0.2303   |  45.27    |  83.09    |  45.3     |
|  102      |  0.495    |  2.645    |  10.98    |  13.09    |  0.1501   |  48.24    |  87.18    |  48.22    |
|  103      |  0.5104   |  2.552    |  10.07    |  7.638    |  0.451    |  42.26    |  82.8     |  44.39    |
|  104      |  0.5027   |  4.968    |  8.235    |  8.234    |  0.4661   |  48.24    |  85.29    |  44.71    |
|  105      |  0.5021   |  4.659    |  9.732    |  8.256    |  0.4394   |  49.8     |  88.1     |  48.21    |
|  106      |  0.5029   |  2.822    |  8.313    |  5.472    |  0.2243   |  44.87    |  84.92    |  41.9     |
|  107      |  0.5      |  4.097    |  6.35     |  7.202    |  0.4528   |  41.35    |  81.4     |  44.78    |
|  108      |  0.5052   |  2.245    |  11.35    |  9.226    |  0.3558   |  49.96    |  87.73    |  48.66    |
|  109      |  0.5018   |  3.25     |  8.85     |  11.04    |  0.3517   |  49.68    |  87.87    |  47.52    |
|  110      |  0.4843   |  4.722    |  9.421    |  5.559    |  0.1579   |  46.49    |  87.28    |  38.37    |
|  111      |  0.5024   |  3.346    |  8.989    |  7.784    |  0.4447   |  42.56    |  82.86    |  44.48    |
|  112      |  0.4721   |  7.658    |  6.269    |  7.306    |  0.5524   |  49.82    |  81.66    |  41.71    |
|  113      |  0.5183   |  4.199    |  12.4     |  6.448    |  0.5285   |  46.31    |  81.74    |  40.87    |
|  114      |  0.5108   |  2.96     |  13.57    |  7.037    |  0.3524   |  45.56    |  82.77    |  47.08    |
|  115      |  0.4884   |  2.427    |  6.146    |  11.58    |  0.1743   |  48.08    |  88.32    |  46.27    |
|  116      |  0.4873   |  3.813    |  8.33     |  6.567    |  0.5049   |  47.5     |  86.88    |  41.36    |
|  117      |  0.5026   |  3.129    |  12.37    |  6.988    |  0.391    |  46.38    |  82.26    |  45.08    |
|  118      |  0.509    |  5.172    |  6.509    |  7.169    |  0.438    |  49.89    |  89.37    |  45.31    |
|  119      |  0.5018   |  2.899    |  13.08    |  7.099    |  0.2407   |  45.78    |  80.49    |  44.82    |
|  120      |  0.4933   |  4.37     |  14.25    |  5.047    |  0.1932   |  47.24    |  83.04    |  43.12    |
|  121      |  0.4893   |  5.018    |  11.48    |  7.626    |  0.2537   |  49.1     |  82.46    |  47.55    |
|  122      |  0.5041   |  4.379    |  11.64    |  5.603    |  0.3913   |  47.64    |  82.33    |  39.81    |
|  123      |  0.5108   |  2.535    |  12.72    |  7.318    |  0.3572   |  48.72    |  88.9     |  47.76    |
|  124      |  0.494    |  8.449    |  11.33    |  9.767    |  0.5356   |  49.05    |  82.11    |  41.72    |
|  125      |  0.5084   |  3.129    |  7.488    |  7.561    |  0.4013   |  49.28    |  88.28    |  45.84    |
|  126      |  0.4987   |  2.747    |  9.852    |  8.289    |  0.5155   |  47.75    |  90.28    |  47.99    |
|  127      |  0.4931   |  5.734    |  11.26    |  12.99    |  0.1554   |  49.91    |  82.68    |  43.99    |
|  128      |  0.5033   |  3.539    |  10.55    |  6.798    |  0.4189   |  42.73    |  80.66    |  42.66    |
|  129      |  0.4986   |  2.284    |  10.6     |  5.874    |  0.4063   |  43.88    |  83.1     |  41.2     |
|  130      |  0.5039   |  3.618    |  10.11    |  9.893    |  0.3987   |  48.47    |  83.18    |  41.68    |
|  131      |  0.5028   |  4.175    |  11.22    |  6.496    |  0.392    |  45.43    |  82.38    |  40.16    |
|  132      |  0.4977   |  4.7      |  13.65    |  6.375    |  0.3251   |  44.86    |  81.32    |  39.56    |
|  133      |  0.4932   |  2.802    |  8.445    |  5.054    |  0.1716   |  43.64    |  82.83    |  42.63    |
|  134      |  0.5064   |  3.214    |  10.51    |  14.29    |  0.4545   |  46.16    |  85.72    |  44.61    |
|  135      |  0.4994   |  2.462    |  12.18    |  5.703    |  0.2144   |  49.53    |  93.36    |  47.53    |
|  136      |  0.509    |  5.63     |  10.14    |  7.696    |  0.4454   |  45.59    |  84.97    |  40.64    |
|  137      |  0.5146   |  3.164    |  15.85    |  7.653    |  0.3852   |  44.6     |  81.9     |  49.34    |
|  138      |  0.4993   |  6.116    |  14.86    |  5.173    |  0.4748   |  46.31    |  80.43    |  47.44    |
|  139      |  0.4911   |  3.781    |  8.77     |  9.623    |  0.1814   |  44.38    |  81.82    |  42.83    |
|  140      |  0.4956   |  2.265    |  5.029    |  10.65    |  0.2382   |  46.95    |  84.47    |  43.69    |
|  141      |  0.5018   |  4.248    |  14.83    |  6.523    |  0.1853   |  44.21    |  81.51    |  52.91    |
|  142      |  0.5141   |  2.995    |  11.49    |  6.82     |  0.4001   |  48.88    |  81.0     |  42.93    |
|  143      |  0.4963   |  4.153    |  10.99    |  5.791    |  0.4602   |  47.14    |  83.7     |  44.92    |
|  144      |  0.5048   |  4.211    |  8.854    |  7.594    |  0.3867   |  45.22    |  88.61    |  42.6     |
|  145      |  0.5034   |  4.002    |  9.885    |  11.78    |  0.3357   |  48.63    |  87.47    |  45.02    |
|  146      |  0.4984   |  3.676    |  9.423    |  11.64    |  0.2059   |  49.68    |  90.24    |  48.8     |
|  147      |  0.5166   |  2.962    |  13.36    |  7.251    |  0.4494   |  45.31    |  83.95    |  40.03    |
|  148      |  0.4968   |  4.992    |  7.989    |  9.495    |  0.5188   |  49.65    |  85.21    |  47.06    |
|  149      |  0.4755   |  5.289    |  8.601    |  9.3      |  0.5649   |  45.56    |  89.55    |  43.86    |
|  150      |  0.4947   |  2.894    |  8.07     |  10.02    |  0.1599   |  48.52    |  84.18    |  39.14    |
|  151      |  0.5112   |  4.535    |  10.82    |  9.847    |  0.398    |  48.01    |  78.84    |  40.4     |
|  152      |  0.4915   |  6.044    |  12.55    |  5.596    |  0.5579   |  44.39    |  81.37    |  47.81    |
|  153      |  0.5017   |  2.726    |  9.796    |  16.21    |  0.4802   |  46.39    |  85.52    |  44.38    |
|  154      |  0.4958   |  4.204    |  10.64    |  11.09    |  0.5159   |  49.29    |  85.06    |  42.33    |
|  155      |  0.5086   |  4.293    |  13.56    |  8.781    |  0.3251   |  46.62    |  84.73    |  39.64    |
|  156      |  0.5134   |  4.153    |  6.285    |  10.58    |  0.4703   |  49.94    |  89.03    |  46.84    |
|  157      |  0.5036   |  2.052    |  10.6     |  5.497    |  0.5191   |  45.01    |  85.03    |  39.9     |
|  158      |  0.5075   |  2.621    |  11.84    |  7.442    |  0.4912   |  46.02    |  80.27    |  46.9     |
|  159      |  0.5023   |  5.886    |  15.58    |  6.138    |  0.3054   |  44.32    |  83.69    |  40.94    |
|  160      |  0.4919   |  3.976    |  12.71    |  5.416    |  0.2216   |  46.6     |  82.91    |  45.91    |
|  161      |  0.5      |  3.642    |  14.91    |  6.681    |  0.5754   |  45.62    |  85.13    |  42.68    |
|  162      |  0.4882   |  3.087    |  12.06    |  6.729    |  0.1883   |  48.0     |  82.1     |  40.65    |
|  163      |  0.5085   |  5.706    |  7.348    |  7.172    |  0.3693   |  49.72    |  89.69    |  44.99    |
|  164      |  0.4994   |  3.841    |  17.76    |  10.33    |  0.2055   |  43.39    |  83.11    |  49.34    |
|  165      |  0.4911   |  2.109    |  11.32    |  6.231    |  0.1633   |  49.31    |  81.13    |  41.46    |
|  166      |  0.5076   |  3.738    |  9.404    |  12.91    |  0.4383   |  49.49    |  88.5     |  48.96    |
|  167      |  0.4846   |  3.335    |  7.868    |  12.41    |  0.57     |  48.57    |  88.08    |  48.27    |
|  168      |  0.5051   |  5.964    |  7.18     |  6.876    |  0.3467   |  46.5     |  85.09    |  43.59    |
|  169      |  0.5067   |  2.588    |  9.159    |  7.26     |  0.3427   |  42.82    |  84.73    |  38.62    |
|  170      |  0.5077   |  3.029    |  11.59    |  8.868    |  0.4777   |  48.21    |  80.94    |  44.04    |
|  171      |  0.4931   |  3.186    |  9.035    |  8.921    |  0.5523   |  44.2     |  84.12    |  40.77    |
|  172      |  0.4946   |  4.291    |  13.49    |  6.691    |  0.248    |  44.36    |  78.41    |  46.07    |
|  173      |  0.4812   |  3.953    |  7.877    |  16.39    |  0.4348   |  45.09    |  84.46    |  44.56    |
|  174      |  0.4961   |  3.105    |  12.72    |  5.242    |  0.1744   |  48.21    |  80.68    |  46.48    |
|  175      |  0.4884   |  3.199    |  12.41    |  6.329    |  0.2577   |  45.8     |  82.98    |  47.4     |
|  176      |  0.4881   |  2.812    |  8.17     |  6.501    |  0.5408   |  47.84    |  82.36    |  44.1     |
|  177      |  0.5117   |  5.89     |  8.785    |  7.501    |  0.312    |  48.13    |  81.83    |  42.13    |
|  178      |  0.4927   |  4.303    |  11.47    |  5.498    |  0.2509   |  44.39    |  82.75    |  45.42    |
|  179      |  0.5093   |  2.409    |  7.805    |  7.374    |  0.3317   |  42.67    |  84.07    |  43.73    |
|  180      |  0.4903   |  3.616    |  11.64    |  5.374    |  0.4928   |  45.81    |  81.91    |  41.6     |
|  181      |  0.5118   |  5.547    |  11.23    |  19.76    |  0.5894   |  49.17    |  45.69    |  85.45    |
|  182      |  0.4996   |  5.393    |  13.35    |  12.66    |  0.5002   |  29.45    |  11.1     |  50.66    |
|  183      |  0.5153   |  8.377    |  11.77    |  17.83    |  0.5111   |  35.98    |  49.58    |  54.52    |
|  184      |  0.5089   |  5.171    |  9.106    |  6.911    |  0.5164   |  45.58    |  89.22    |  40.57    |
|  185      |  0.4976   |  5.785    |  6.388    |  7.715    |  0.5309   |  49.4     |  91.81    |  44.44    |
|  186      |  0.49     |  9.197    |  10.49    |  11.32    |  0.2273   |  16.33    |  46.9     |  94.15    |
|  187      |  0.5047   |  6.513    |  9.786    |  7.566    |  0.4943   |  45.64    |  87.98    |  41.06    |
|  188      |  0.5053   |  3.326    |  11.94    |  6.795    |  0.4956   |  46.53    |  82.04    |  44.6     |
|  189      |  0.5109   |  7.609    |  11.97    |  19.34    |  0.2793   |  34.7     |  48.47    |  55.24    |
|  190      |  0.4211   |  8.74     |  13.94    |  16.39    |  0.427    |  30.31    |  78.04    |  18.94    |
|  191      |  0.5174   |  3.772    |  10.57    |  6.863    |  0.3651   |  48.75    |  88.42    |  47.62    |
|  192      |  0.4978   |  2.987    |  10.68    |  5.118    |  0.1617   |  47.42    |  79.57    |  45.5     |
|  193      |  0.5049   |  8.304    |  11.41    |  17.03    |  0.3752   |  35.57    |  46.95    |  56.72    |
|  194      |  0.4881   |  2.536    |  12.16    |  8.925    |  0.5686   |  49.71    |  89.84    |  45.79    |
|  195      |  0.503    |  2.402    |  5.662    |  9.253    |  0.3934   |  45.22    |  82.24    |  43.09    |
|  196      |  0.5042   |  2.043    |  12.77    |  7.877    |  0.2705   |  41.63    |  82.06    |  44.75    |
