|  597      |  0.5209   |  3.44     |  16.35    |  19.56    |  0.4998   |  22.69    |  39.37    |  40.59    |
|  598      |  0.5176   |  7.253    |  14.86    |  16.78    |  0.4076   |  17.45    |  39.06    |  42.45    |
|  599      |  0.5248   |  3.644    |  13.76    |  18.3     |  0.5449   |  20.61    |  33.75    |  41.09    |
|  600      |  0.5157   |  9.409    |  13.42    |  16.44    |  0.4434   |  19.88    |  37.07    |  44.33    |
|  601      |  0.5208   |  5.769    |  12.89    |  14.91    |  0.519    |  21.38    |  37.37    |  41.87    |
|  602      |  0.5104   |  9.65     |  15.99    |  16.22    |  0.2752   |  18.77    |  33.94    |  41.19    |
|  603      |  0.5184   |  8.148    |  10.69    |  16.13    |  0.3298   |  47.43    |  25.14    |  35.0     |
|  604      |  0.5182   |  4.666    |  17.09    |  15.91    |  0.4772   |  20.57    |  33.52    |  40.4     |
|  605      |  0.5158   |  6.023    |  14.09    |  16.64    |  0.2679   |  20.69    |  38.51    |  39.87    |
|  606      |  0.5285   |  6.192    |  13.38    |  18.36    |  0.6      |  20.64    |  35.46    |  41.34    |
|  607      |  0.5234   |  8.563    |  10.59    |  16.38    |  0.6      |  41.57    |  23.18    |  28.14    |
|  608      |  0.5203   |  9.464    |  11.4     |  18.53    |  0.489    |  43.33    |  22.61    |  30.21    |
|  609      |  0.5275   |  7.92     |  13.57    |  17.98    |  0.6      |  19.63    |  33.8     |  45.16    |
|  610      |  0.5249   |  6.655    |  13.17    |  19.89    |  0.4582   |  20.6     |  32.73    |  41.51    |
|  611      |  0.5147   |  6.312    |  11.11    |  17.45    |  0.2988   |  21.79    |  36.5     |  39.88    |
|  612      |  0.5325   |  5.595    |  12.57    |  18.27    |  0.4532   |  21.99    |  33.84    |  43.97    |
|  613      |  0.5099   |  3.046    |  14.44    |  19.6     |  0.1745   |  17.96    |  33.31    |  44.29    |
|  614      |  0.5212   |  6.354    |  13.35    |  17.25    |  0.6      |  20.73    |  32.99    |  42.33    |
|  615      |  0.5275   |  9.215    |  9.544    |  15.34    |  0.4233   |  41.43    |  25.46    |  25.2     |
|  616      |  0.5148   |  6.035    |  14.59    |  18.96    |  0.2933   |  22.29    |  32.75    |  41.72    |
|  617      |  0.5195   |  6.396    |  12.11    |  19.58    |  0.6      |  20.38    |  34.07    |  44.0     |
|  618      |  0.5229   |  5.823    |  15.54    |  18.42    |  0.4728   |  21.29    |  37.27    |  41.57    |
|  619      |  0.5194   |  9.407    |  14.62    |  16.9     |  0.3849   |  15.19    |  33.85    |  44.76    |
|  620      |  0.5296   |  3.956    |  12.57    |  17.7     |  0.6      |  22.1     |  34.94    |  42.96    |
|  621      |  0.5087   |  4.533    |  11.15    |  12.04    |  0.3774   |  39.79    |  24.74    |  35.79    |
|  622      |  0.5206   |  4.211    |  10.68    |  15.61    |  0.5774   |  20.9     |  31.96    |  45.58    |
|  623      |  0.5147   |  6.753    |  10.27    |  19.15    |  0.2336   |  45.94    |  25.6     |  30.72    |
|  624      |  0.5197   |  6.885    |  10.73    |  17.44    |  0.2656   |  21.77    |  32.28    |  45.56    |
|  625      |  0.5302   |  9.165    |  12.93    |  16.23    |  0.6      |  18.09    |  33.86    |  45.38    |
|  626      |  0.5176   |  7.271    |  11.16    |  18.81    |  0.4062   |  17.13    |  30.75    |  46.08    |
|  627      |  0.5263   |  8.151    |  13.85    |  17.92    |  0.6      |  18.84    |  31.98    |  41.11    |
|  628      |  0.5312   |  8.125    |  12.66    |  16.9     |  0.6      |  17.85    |  32.43    |  43.83    |
|  629      |  0.5147   |  6.36     |  11.0     |  15.03    |  0.3089   |  15.61    |  31.34    |  44.65    |
|  630      |  0.5236   |  6.784    |  12.27    |  16.22    |  0.6      |  18.88    |  32.93    |  45.63    |
|  631      |  0.5157   |  8.985    |  14.78    |  20.0     |  0.6      |  23.64    |  39.51    |  47.24    |
|  632      |  0.51     |  2.827    |  11.97    |  19.13    |  0.3519   |  20.93    |  31.46    |  45.71    |
|  633      |  0.5214   |  9.455    |  17.84    |  17.99    |  0.492    |  22.0     |  33.65    |  40.35    |
|  634      |  0.5297   |  4.375    |  12.86    |  14.36    |  0.6      |  38.23    |  24.28    |  36.32    |
|  635      |  0.5219   |  7.156    |  10.36    |  19.7     |  0.3282   |  18.12    |  32.04    |  42.89    |
|  636      |  0.5209   |  9.093    |  11.8     |  14.94    |  0.3967   |  42.41    |  23.78    |  25.83    |
|  637      |  0.5201   |  4.141    |  12.97    |  15.55    |  0.6      |  21.52    |  34.57    |  41.54    |
|  638      |  0.521    |  8.157    |  13.07    |  15.0     |  0.6      |  18.51    |  33.29    |  42.58    |
|  639      |  0.519    |  7.415    |  11.43    |  18.03    |  0.4231   |  41.23    |  26.27    |  24.49    |
|  640      |  0.5335   |  9.075    |  10.98    |  17.55    |  0.6      |  18.31    |  33.12    |  44.68    |
|  641      |  0.5094   |  9.21     |  16.09    |  19.69    |  0.2212   |  18.0     |  41.56    |  39.59    |
|  642      |  0.5327   |  7.517    |  10.75    |  15.12    |  0.6      |  40.56    |  25.68    |  26.51    |
|  643      |  0.5181   |  7.215    |  8.989    |  17.66    |  0.5067   |  19.24    |  35.96    |  43.7     |
|  644      |  0.5267   |  4.243    |  11.31    |  17.01    |  0.3944   |  19.94    |  30.4     |  40.49    |
|  645      |  0.531    |  4.649    |  12.69    |  14.5     |  0.5949   |  39.17    |  23.78    |  33.62    |
|  646      |  0.5076   |  5.519    |  10.37    |  12.89    |  0.2243   |  42.75    |  25.8     |  25.58    |
|  647      |  0.5093   |  7.634    |  12.67    |  15.5     |  0.2147   |  39.31    |  24.94    |  28.12    |
|  648      |  0.5141   |  6.66     |  11.87    |  17.27    |  0.2165   |  16.87    |  30.25    |  42.69    |
|  649      |  0.5111   |  4.442    |  9.341    |  16.59    |  0.1974   |  19.18    |  35.13    |  46.06    |
|  650      |  0.5134   |  3.041    |  17.98    |  5.89     |  0.5539   |  47.21    |  52.1     |  58.88    |
|  651      |  0.5169   |  8.047    |  11.08    |  15.43    |  0.271    |  41.4     |  28.9     |  25.76    |
|  652      |  0.5085   |  7.639    |  9.905    |  13.15    |  0.1853   |  39.48    |  26.96    |  28.19    |
|  653      |  0.5182   |  7.605    |  9.34     |  19.94    |  0.5256   |  19.85    |  34.8     |  41.24    |
|  654      |  0.5178   |  7.718    |  9.991    |  16.06    |  0.6      |  39.87    |  24.49    |  25.43    |
|  655      |  0.5133   |  7.179    |  10.33    |  17.86    |  0.1592   |  41.46    |  25.81    |  27.9     |
|  656      |  0.516    |  4.743    |  11.35    |  18.44    |  0.2275   |  19.52    |  34.36    |  42.05    |
|  657      |  0.5237   |  5.066    |  11.92    |  16.13    |  0.5212   |  23.57    |  32.01    |  47.35    |
|  658      |  0.5203   |  4.848    |  13.19    |  16.78    |  0.6      |  39.03    |  22.54    |  33.06    |
|  659      |  0.5251   |  3.651    |  11.98    |  15.31    |  0.4721   |  22.07    |  32.63    |  45.02    |
|  660      |  0.5274   |  9.419    |  11.38    |  15.31    |  0.5481   |  18.76    |  35.68    |  48.08    |
|  661      |  0.5219   |  8.925    |  10.07    |  17.1     |  0.5843   |  15.73    |  36.2     |  46.51    |
|  662      |  0.5147   |  7.667    |  11.46    |  18.42    |  0.2779   |  15.26    |  33.58    |  43.38    |
|  663      |  0.5131   |  8.137    |  11.97    |  18.73    |  0.4884   |  23.96    |  34.5     |  43.0     |
|  664      |  0.519    |  5.401    |  10.49    |  15.85    |  0.5996   |  22.89    |  33.55    |  49.78    |
|  665      |  0.5239   |  4.12     |  12.1     |  16.74    |  0.421    |  21.91    |  35.11    |  48.29    |
|  666      |  0.5201   |  8.206    |  11.29    |  12.54    |  0.3857   |  18.12    |  36.97    |  42.38    |
|  667      |  0.5223   |  9.985    |  9.872    |  15.0     |  0.533    |  43.64    |  25.28    |  27.59    |
|  668      |  0.5227   |  3.099    |  12.71    |  17.16    |  0.3783   |  22.52    |  33.02    |  46.77    |
|  669      |  0.5248   |  4.889    |  16.98    |  7.092    |  0.6      |  46.37    |  50.25    |  58.78    |
|  670      |  0.5222   |  9.124    |  11.08    |  15.97    |  0.5361   |  16.02    |  32.85    |  44.28    |
|  671      |  0.5231   |  4.844    |  11.74    |  17.06    |  0.6      |  22.98    |  34.51    |  45.32    |
|  672      |  0.5195   |  8.262    |  13.27    |  16.9     |  0.3617   |  19.3     |  34.15    |  47.36    |
|  673      |  0.5147   |  5.356    |  13.32    |  18.55    |  0.3548   |  20.74    |  33.6     |  45.19    |
|  674      |  0.5194   |  6.386    |  10.36    |  15.31    |  0.3365   |  18.96    |  32.06    |  43.98    |
|  675      |  0.5334   |  9.035    |  11.61    |  14.78    |  0.6      |  40.88    |  26.24    |  25.54    |
|  676      |  0.5187   |  9.473    |  12.47    |  18.36    |  0.6      |  19.2     |  31.8     |  44.02    |
|  677      |  0.5194   |  6.752    |  11.53    |  16.51    |  0.5825   |  18.9     |  28.62    |  39.18    |
|  678      |  0.5216   |  6.187    |  12.34    |  14.83    |  0.4389   |  20.05    |  37.39    |  48.33    |
|  679      |  0.526    |  3.17     |  12.63    |  14.44    |  0.5097   |  20.45    |  33.11    |  47.85    |
|  680      |  0.5129   |  2.861    |  14.21    |  13.26    |  0.2163   |  22.88    |  31.68    |  45.84    |
|  681      |  0.5272   |  3.204    |  13.34    |  13.73    |  0.4777   |  18.43    |  33.13    |  49.51    |
|  682      |  0.5258   |  2.482    |  12.52    |  14.68    |  0.4166   |  20.35    |  36.41    |  49.44    |
|  683      |  0.5134   |  7.926    |  13.04    |  15.34    |  0.4941   |  18.77    |  38.08    |  49.37    |
|  684      |  0.5092   |  6.28     |  13.14    |  13.17    |  0.153    |  16.44    |  34.64    |  46.54    |
|  685      |  0.5137   |  7.656    |  9.756    |  14.9     |  0.3175   |  18.32    |  31.92    |  46.73    |
|  686      |  0.5165   |  2.886    |  14.09    |  13.88    |  0.3284   |  19.13    |  33.92    |  51.75    |
|  687      |  0.5104   |  4.126    |  15.42    |  17.43    |  0.4067   |  15.66    |  41.95    |  47.35    |
|  688      |  0.5202   |  6.979    |  13.62    |  13.79    |  0.3131   |  19.87    |  33.54    |  40.88    |
|  689      |  0.5217   |  4.039    |  13.76    |  19.26    |  0.4842   |  20.27    |  28.46    |  41.36    |
|  690      |  0.5138   |  7.503    |  15.62    |  16.07    |  0.1775   |  20.91    |  32.8     |  39.33    |
|  691      |  0.5171   |  3.742    |  9.164    |  17.9     |  0.2395   |  19.43    |  30.67    |  38.7     |
|  692      |  0.5206   |  3.842    |  14.87    |  13.39    |  0.5567   |  22.12    |  34.49    |  48.93    |
|  693      |  0.526    |  3.967    |  13.91    |  15.21    |  0.4734   |  20.02    |  29.03    |  40.11    |
|  694      |  0.5112   |  9.253    |  11.59    |  11.89    |  0.2313   |  19.77    |  38.1     |  46.32    |
|  695      |  0.5132   |  4.666    |  11.74    |  14.82    |  0.3307   |  22.3     |  36.6     |  46.2     |
|  696      |  0.526    |  4.933    |  13.35    |  13.92    |  0.6      |  39.51    |  24.88    |  35.32    |
|  697      |  0.5182   |  8.519    |  14.19    |  14.49    |  0.5741   |  20.1     |  28.86    |  39.64    |
|  698      |  0.5117   |  3.154    |  13.74    |  15.81    |  0.2697   |  23.71    |  35.65    |  50.96    |
|  699      |  0.5142   |  3.901    |  13.41    |  19.91    |  0.1641   |  22.78    |  35.27    |  41.26    |
|  700      |  0.5183   |  6.397    |  10.47    |  15.11    |  0.5462   |  20.93    |  28.79    |  41.18    |
|  701      |  0.5214   |  2.258    |  11.79    |  14.93    |  0.4571   |  17.59    |  29.28    |  43.03    |
|  702      |  0.5229   |  3.756    |  11.47    |  14.98    |  0.5327   |  18.02    |  30.73    |  49.55    |
|  703      |  0.5227   |  6.963    |  13.97    |  20.0     |  0.6      |  21.64    |  37.77    |  39.34    |
|  704      |  0.5124   |  2.406    |  9.588    |  13.43    |  0.2897   |  20.98    |  30.69    |  42.85    |
|  705      |  0.5205   |  9.755    |  15.38    |  9.406    |  0.6      |  46.0     |  19.41    |  47.21    |
|  706      |  0.5125   |  5.32     |  11.01    |  19.08    |  0.326    |  21.79    |  31.68    |  41.24    |
|  707      |  0.5255   |  4.816    |  13.52    |  13.51    |  0.488    |  16.15    |  27.4     |  42.9     |
|  708      |  0.5299   |  8.005    |  11.46    |  15.24    |  0.6      |  42.25    |  26.14    |  26.11    |
|  709      |  0.5177   |  9.235    |  10.51    |  14.18    |  0.6      |  41.13    |  25.51    |  26.78    |
|  710      |  0.5181   |  3.375    |  12.24    |  16.22    |  0.4675   |  20.89    |  30.2     |  41.25    |
|  711      |  0.5263   |  6.26     |  12.43    |  14.67    |  0.4527   |  19.21    |  32.96    |  48.79    |
|  712      |  0.5296   |  4.321    |  11.53    |  14.82    |  0.6      |  19.5     |  34.45    |  49.88    |
|  713      |  0.5232   |  4.288    |  13.76    |  15.74    |  0.6      |  19.61    |  34.54    |  49.22    |
|  714      |  0.5195   |  4.591    |  10.85    |  12.37    |  0.256    |  19.56    |  31.98    |  46.81    |
|  715      |  0.5172   |  5.001    |  11.52    |  14.06    |  0.4146   |  17.33    |  26.33    |  43.25    |
|  716      |  0.5171   |  5.731    |  12.31    |  12.83    |  0.3241   |  21.66    |  31.4     |  46.88    |
|  717      |  0.5251   |  4.132    |  16.12    |  17.1     |  0.6      |  42.23    |  23.13    |  35.31    |
|  718      |  0.5045   |  5.414    |  12.45    |  14.37    |  0.202    |  16.02    |  27.68    |  41.11    |
|  719      |  0.5137   |  8.607    |  12.91    |  13.73    |  0.3227   |  39.89    |  27.31    |  24.22    |
|  720      |  0.5159   |  3.325    |  15.2     |  13.78    |  0.298    |  20.88    |  28.56    |  43.37    |
|  721      |  0.5166   |  2.703    |  13.39    |  15.9     |  0.1738   |  19.96    |  33.08    |  39.45    |
|  722      |  0.5371   |  7.971    |  8.513    |  13.54    |  0.5652   |  18.05    |  36.6     |  48.63    |
|  723      |  0.525    |  7.123    |  9.663    |  14.15    |  0.6      |  18.87    |  35.54    |  49.44    |
|  724      |  0.506    |  5.39     |  6.713    |  13.42    |  0.5949   |  17.49    |  36.95    |  46.68    |
|  725      |  0.5204   |  6.777    |  16.55    |  16.4     |  0.3863   |  17.67    |  28.23    |  40.29    |
|  726      |  0.5164   |  7.01     |  12.46    |  12.44    |  0.2104   |  21.1     |  36.21    |  48.54    |
|  727      |  0.5253   |  5.75     |  14.6     |  18.24    |  0.6      |  41.36    |  22.8     |  36.37    |
|  728      |  0.5205   |  5.137    |  11.11    |  14.72    |  0.6      |  38.28    |  25.09    |  36.55    |
|  729      |  0.5212   |  2.306    |  11.25    |  16.59    |  0.4637   |  21.85    |  30.3     |  48.72    |
|  730      |  0.5218   |  9.611    |  8.631    |  14.58    |  0.6      |  17.87    |  36.4     |  47.89    |
|  731      |  0.5197   |  4.486    |  13.9     |  16.1     |  0.3672   |  20.4     |  26.11    |  39.16    |
|  732      |  0.5192   |  5.626    |  14.58    |  14.38    |  0.5646   |  19.07    |  28.51    |  45.37    |
|  733      |  0.5176   |  3.795    |  16.78    |  15.23    |  0.3026   |  16.76    |  27.06    |  40.29    |
|  734      |  0.5025   |  6.378    |  10.77    |  12.58    |  0.1771   |  16.28    |  35.73    |  52.4     |
|  735      |  0.5213   |  8.849    |  15.02    |  19.64    |  0.4559   |  18.79    |  30.79    |  40.51    |
|  736      |  0.5259   |  2.774    |  9.807    |  15.62    |  0.5785   |  20.2     |  35.78    |  49.66    |
|  737      |  0.5196   |  4.762    |  12.2     |  16.69    |  0.5446   |  18.83    |  28.85    |  37.09    |
|  738      |  0.5139   |  3.861    |  14.12    |  18.74    |  0.2888   |  40.05    |  21.89    |  37.34    |
|  739      |  0.5099   |  2.355    |  11.18    |  15.33    |  0.207    |  19.85    |  37.46    |  51.85    |
|  740      |  0.4903   |  9.378    |  6.34     |  13.7     |  0.2074   |  17.44    |  38.31    |  48.58    |
|  741      |  0.5045   |  6.758    |  15.6     |  14.48    |  0.165    |  17.11    |  25.97    |  43.76    |
|  742      |  0.5224   |  3.971    |  14.87    |  16.97    |  0.448    |  17.4     |  29.38    |  48.06    |
|  743      |  0.523    |  5.105    |  11.93    |  13.2     |  0.5109   |  17.76    |  29.29    |  43.71    |
|  744      |  0.5162   |  3.635    |  14.31    |  13.92    |  0.3022   |  18.46    |  32.98    |  46.16    |
|  745      |  0.5334   |  3.271    |  13.58    |  13.72    |  0.6      |  16.53    |  28.37    |  45.21    |
|  746      |  0.5237   |  2.399    |  16.19    |  15.21    |  0.4698   |  19.55    |  27.87    |  36.78    |
|  747      |  0.522    |  4.705    |  14.4     |  17.78    |  0.6      |  18.89    |  30.09    |  39.53    |
|  748      |  0.5189   |  4.435    |  11.71    |  15.55    |  0.3581   |  21.41    |  29.99    |  48.04    |
|  749      |  0.5149   |  6.029    |  17.76    |  18.03    |  0.291    |  18.66    |  25.41    |  37.27    |
|  750      |  0.527    |  2.0      |  11.28    |  15.47    |  0.6      |  20.21    |  33.32    |  49.87    |
|  751      |  0.518    |  3.038    |  14.62    |  14.17    |  0.5897   |  16.69    |  26.11    |  45.64    |
|  752      |  0.5038   |  7.227    |  9.037    |  12.9     |  0.1998   |  21.33    |  35.02    |  45.77    |
|  753      |  0.5166   |  2.053    |  14.16    |  15.0     |  0.4751   |  18.76    |  30.11    |  40.82    |
|  754      |  0.5194   |  5.11     |  15.4     |  16.63    |  0.2167   |  18.85    |  27.51    |  39.55    |
|  755      |  0.5184   |  2.455    |  11.21    |  12.74    |  0.3924   |  17.76    |  29.51    |  44.44    |
|  756      |  0.5268   |  3.24     |  12.67    |  13.07    |  0.5268   |  15.35    |  27.24    |  47.42    |
|  757      |  0.5175   |  3.991    |  9.938    |  15.26    |  0.2763   |  18.69    |  27.69    |  46.64    |
|  758      |  0.5125   |  5.024    |  13.36    |  14.06    |  0.4717   |  13.02    |  26.23    |  46.94    |
|  759      |  0.5174   |  5.057    |  17.01    |  19.3     |  0.6      |  23.11    |  36.84    |  38.67    |
|  760      |  0.5269   |  2.985    |  11.02    |  13.01    |  0.6      |  20.79    |  34.38    |  49.48    |
|  761      |  0.5233   |  4.206    |  13.25    |  13.78    |  0.6      |  16.77    |  29.49    |  47.26    |
|  762      |  0.5289   |  2.445    |  14.58    |  11.0     |  0.5784   |  14.31    |  27.49    |  46.36    |
|  763      |  0.5142   |  5.243    |  19.32    |  5.0      |  0.6      |  48.85    |  50.28    |  57.18    |
|  764      |  0.5094   |  6.31     |  12.82    |  10.77    |  0.1634   |  13.67    |  28.35    |  45.0     |
|  765      |  0.5296   |  5.059    |  12.98    |  17.08    |  0.6      |  21.47    |  29.08    |  38.69    |
|  766      |  0.5198   |  2.649    |  13.89    |  12.15    |  0.3786   |  21.62    |  28.01    |  39.15    |
|  767      |  0.5131   |  3.575    |  10.14    |  17.16    |  0.2188   |  20.6     |  26.91    |  39.42    |
|  768      |  0.5195   |  4.355    |  14.57    |  15.08    |  0.6      |  21.46    |  29.03    |  37.46    |
|  769      |  0.5225   |  4.45     |  15.2     |  12.16    |  0.3601   |  16.66    |  30.19    |  44.27    |
|  770      |  0.5369   |  9.376    |  10.51    |  17.27    |  0.6      |  45.66    |  24.74    |  32.43    |
|  771      |  0.5132   |  2.732    |  10.57    |  12.27    |  0.1918   |  18.36    |  33.99    |  48.72    |
|  772      |  0.5235   |  8.913    |  9.674    |  13.15    |  0.4902   |  16.89    |  37.3     |  47.88    |
|  773      |  0.5226   |  2.195    |  13.85    |  11.12    |  0.4774   |  15.69    |  31.12    |  47.29    |
|  774      |  0.5222   |  2.958    |  10.38    |  16.53    |  0.5406   |  15.49    |  28.01    |  44.46    |
|  775      |  0.5212   |  3.127    |  13.16    |  13.56    |  0.5598   |  15.86    |  31.66    |  50.29    |
|  776      |  0.5234   |  3.295    |  13.53    |  14.76    |  0.3941   |  20.36    |  32.26    |  50.31    |
|  777      |  0.525    |  10.0     |  9.803    |  17.15    |  0.6      |  44.38    |  25.68    |  31.42    |
|  778      |  0.5117   |  8.78     |  10.92    |  15.4     |  0.2054   |  18.84    |  32.5     |  43.49    |
|  779      |  0.5245   |  6.627    |  12.71    |  19.85    |  0.6      |  23.24    |  36.03    |  48.59    |
|  780      |  0.5204   |  5.63     |  13.1     |  19.38    |  0.4116   |  19.17    |  29.21    |  40.77    |
|  781      |  0.5197   |  2.237    |  10.56    |  9.996    |  0.4244   |  15.17    |  29.76    |  47.92    |
|  782      |  0.5193   |  2.823    |  11.41    |  14.94    |  0.3903   |  13.56    |  29.33    |  48.82    |
|  783      |  0.5104   |  7.296    |  17.12    |  18.05    |  0.2614   |  42.72    |  23.3     |  38.35    |
|  784      |  0.5193   |  3.739    |  11.49    |  15.24    |  0.3908   |  15.72    |  26.9     |  45.38    |
|  785      |  0.5082   |  2.188    |  12.04    |  16.84    |  0.1611   |  17.41    |  29.59    |  45.12    |
|  786      |  0.5279   |  3.606    |  15.86    |  11.02    |  0.4729   |  13.99    |  29.82    |  45.55    |
|  787      |  0.5283   |  5.896    |  16.53    |  16.35    |  0.5493   |  22.31    |  27.08    |  40.59    |
|  788      |  0.5225   |  5.4      |  15.85    |  15.8     |  0.4861   |  24.42    |  27.31    |  37.31    |
|  789      |  0.5229   |  3.852    |  15.15    |  10.55    |  0.4341   |  13.07    |  30.87    |  47.58    |
|  790      |  0.5002   |  2.366    |  12.53    |  8.285    |  0.2437   |  13.5     |  26.47    |  46.24    |
|  791      |  0.5297   |  2.422    |  13.97    |  12.96    |  0.6      |  14.37    |  28.94    |  45.16    |
|  792      |  0.5136   |  2.754    |  13.71    |  11.54    |  0.2639   |  19.0     |  31.06    |  50.23    |
|  793      |  0.5221   |  4.446    |  16.03    |  12.45    |  0.422    |  16.86    |  30.8     |  47.32    |
|  794      |  0.5132   |  7.102    |  15.26    |  13.28    |  0.5347   |  23.09    |  30.11    |  39.13    |
|  795      |  0.517    |  4.524    |  11.2     |  17.17    |  0.6      |  19.74    |  32.74    |  49.96    |
|  796      |  0.515    |  2.407    |  15.63    |  14.87    |  0.2462   |  23.04    |  27.52    |  40.82    |
