|  1397     |  0.522    |  5.576    |  16.46    |  14.43    |  0.4798   |  29.34    |  28.78    |  36.53    |
|  1398     |  0.5247   |  5.079    |  9.979    |  10.71    |  0.536    |  18.52    |  27.1     |  46.91    |
|  1399     |  0.4976   |  3.57     |  17.91    |  8.599    |  0.3122   |  21.55    |  25.11    |  40.36    |
|  1400     |  0.5239   |  3.435    |  14.09    |  13.82    |  0.6      |  17.29    |  28.69    |  43.59    |
|  1401     |  0.5191   |  5.492    |  19.96    |  19.81    |  0.3272   |  19.32    |  31.9     |  37.95    |
|  1402     |  0.5356   |  4.2      |  13.94    |  6.161    |  0.6      |  23.64    |  24.25    |  40.1     |
|  1403     |  0.5245   |  7.141    |  13.34    |  17.83    |  0.5722   |  21.44    |  30.03    |  40.49    |
|  1404     |  0.5149   |  4.203    |  16.45    |  11.41    |  0.329    |  13.68    |  28.69    |  51.63    |
|  1405     |  0.5191   |  2.754    |  13.27    |  9.674    |  0.2575   |  11.17    |  28.4     |  50.28    |
|  1406     |  0.51     |  5.995    |  15.17    |  19.98    |  0.1644   |  19.96    |  29.51    |  37.36    |
|  1407     |  0.5307   |  4.668    |  14.73    |  14.3     |  0.6      |  26.15    |  28.97    |  35.61    |
|  1408     |  0.5237   |  3.625    |  14.97    |  10.71    |  0.4455   |  27.7     |  31.0     |  33.15    |
|  1409     |  0.519    |  9.847    |  12.61    |  16.26    |  0.3631   |  20.34    |  35.61    |  47.65    |
|  1410     |  0.5152   |  7.774    |  15.23    |  11.76    |  0.3048   |  35.81    |  22.95    |  39.77    |
|  1411     |  0.5284   |  3.051    |  10.69    |  15.05    |  0.6      |  21.0     |  34.19    |  48.7     |
|  1412     |  0.5266   |  6.647    |  12.2     |  15.23    |  0.5121   |  39.08    |  25.88    |  24.29    |
|  1413     |  0.5218   |  5.196    |  19.5     |  17.86    |  0.6      |  21.29    |  31.89    |  39.02    |
|  1414     |  0.5251   |  2.242    |  10.54    |  12.99    |  0.4964   |  20.2     |  31.9     |  50.15    |
|  1415     |  0.5242   |  9.63     |  13.89    |  16.68    |  0.3708   |  19.2     |  32.13    |  41.78    |
|  1416     |  0.5179   |  2.364    |  11.15    |  15.33    |  0.3776   |  18.82    |  22.48    |  36.74    |
|  1417     |  0.5177   |  3.076    |  14.76    |  12.18    |  0.4746   |  15.55    |  27.85    |  54.32    |
|  1418     |  0.5273   |  8.557    |  9.161    |  14.97    |  0.5147   |  18.75    |  36.36    |  49.67    |
|  1419     |  0.5209   |  8.658    |  17.33    |  15.51    |  0.526    |  15.9     |  31.86    |  47.77    |
|  1420     |  0.5171   |  2.746    |  16.15    |  13.96    |  0.5166   |  13.84    |  28.37    |  54.4     |
|  1421     |  0.5153   |  6.135    |  14.29    |  13.95    |  0.4885   |  23.88    |  30.68    |  34.18    |
|  1422     |  0.5258   |  7.227    |  11.68    |  14.73    |  0.6      |  40.34    |  26.77    |  25.82    |
|  1423     |  0.5253   |  5.541    |  14.03    |  12.68    |  0.3898   |  18.21    |  31.82    |  47.55    |
|  1424     |  0.5141   |  3.907    |  16.39    |  13.93    |  0.541    |  19.19    |  27.97    |  38.66    |
|  1425     |  0.5269   |  10.0     |  16.55    |  16.36    |  0.6      |  16.52    |  37.59    |  45.01    |
|  1426     |  0.5111   |  3.259    |  15.16    |  12.26    |  0.1768   |  11.72    |  29.76    |  50.01    |
|  1427     |  0.5259   |  8.093    |  16.81    |  18.98    |  0.5214   |  14.25    |  31.54    |  51.39    |
|  1428     |  0.527    |  4.325    |  14.49    |  13.7     |  0.6      |  27.48    |  27.88    |  35.96    |
|  1429     |  0.525    |  7.78     |  15.58    |  15.89    |  0.6      |  18.25    |  32.08    |  48.59    |
|  1430     |  0.5166   |  8.486    |  11.16    |  16.67    |  0.4958   |  18.41    |  36.69    |  45.6     |
|  1431     |  0.5314   |  4.761    |  12.91    |  19.36    |  0.6      |  21.27    |  28.9     |  38.05    |
|  1432     |  0.5262   |  4.443    |  15.32    |  14.82    |  0.5551   |  18.14    |  26.01    |  36.5     |
|  1433     |  0.5174   |  2.135    |  13.24    |  14.15    |  0.3792   |  13.32    |  29.39    |  46.65    |
|  1434     |  0.5109   |  7.011    |  8.35     |  15.36    |  0.3656   |  17.98    |  36.53    |  48.19    |
|  1435     |  0.5284   |  8.215    |  17.15    |  19.24    |  0.5114   |  18.82    |  34.23    |  50.35    |
|  1436     |  0.5134   |  6.57     |  11.2     |  14.8     |  0.321    |  42.23    |  23.62    |  27.4     |
|  1437     |  0.5166   |  5.482    |  14.96    |  15.29    |  0.2717   |  18.44    |  31.39    |  40.63    |
|  1438     |  0.5176   |  9.991    |  11.4     |  18.55    |  0.3964   |  18.41    |  34.29    |  45.98    |
|  1439     |  0.5139   |  5.424    |  12.8     |  15.35    |  0.3121   |  20.04    |  35.43    |  48.55    |
|  1440     |  0.5164   |  4.846    |  13.04    |  17.5     |  0.2292   |  21.36    |  30.13    |  39.71    |
|  1441     |  0.521    |  2.28     |  13.77    |  13.35    |  0.3717   |  11.44    |  27.72    |  48.44    |
|  1442     |  0.5188   |  9.351    |  17.4     |  15.1     |  0.3434   |  18.23    |  34.17    |  48.37    |
|  1443     |  0.5149   |  6.348    |  16.08    |  15.83    |  0.2322   |  17.5     |  35.22    |  48.6     |
|  1444     |  0.5189   |  2.586    |  11.78    |  13.51    |  0.3943   |  19.12    |  25.62    |  35.67    |
|  1445     |  0.5175   |  5.77     |  19.11    |  19.96    |  0.4758   |  20.57    |  34.73    |  38.65    |
|  1446     |  0.5284   |  4.261    |  10.44    |  10.25    |  0.5921   |  17.69    |  26.84    |  48.42    |
|  1447     |  0.5131   |  4.289    |  13.8     |  14.32    |  0.206    |  25.18    |  28.99    |  34.55    |
|  1448     |  0.5236   |  4.217    |  13.67    |  12.47    |  0.5469   |  13.29    |  28.3     |  45.72    |
|  1449     |  0.514    |  4.613    |  19.21    |  19.08    |  0.5139   |  23.55    |  34.25    |  38.75    |
|  1450     |  0.5346   |  2.0      |  9.953    |  14.14    |  0.6      |  20.6     |  33.6     |  50.97    |
|  1451     |  0.523    |  4.382    |  17.36    |  16.27    |  0.4243   |  20.94    |  28.19    |  40.39    |
|  1452     |  0.5265   |  5.004    |  12.75    |  14.42    |  0.4396   |  21.55    |  33.83    |  51.91    |
|  1453     |  0.5248   |  4.761    |  12.03    |  14.76    |  0.4679   |  40.4     |  25.13    |  35.86    |
|  1454     |  0.5189   |  8.133    |  12.35    |  16.07    |  0.2825   |  16.31    |  33.31    |  46.82    |
|  1455     |  0.5293   |  5.104    |  19.54    |  9.662    |  0.5407   |  14.93    |  28.67    |  51.3     |
|  1456     |  0.5175   |  6.107    |  13.34    |  7.561    |  0.2304   |  24.38    |  25.06    |  39.63    |
|  1457     |  0.5112   |  5.597    |  18.86    |  9.31     |  0.1814   |  12.8     |  28.5     |  52.66    |
|  1458     |  0.5207   |  9.243    |  12.23    |  15.78    |  0.6      |  41.33    |  26.61    |  26.82    |
|  1459     |  0.5224   |  8.457    |  12.17    |  17.38    |  0.6      |  18.04    |  34.05    |  44.32    |
|  1460     |  0.5168   |  2.926    |  17.1     |  15.66    |  0.3397   |  43.2     |  24.3     |  34.44    |
|  1461     |  0.5219   |  4.7      |  12.46    |  14.26    |  0.3313   |  19.26    |  30.74    |  51.87    |
|  1462     |  0.5113   |  6.212    |  16.35    |  19.74    |  0.1938   |  19.56    |  34.37    |  52.67    |
|  1463     |  0.5227   |  7.926    |  9.608    |  14.65    |  0.4462   |  41.13    |  27.59    |  25.45    |
|  1464     |  0.5228   |  8.75     |  12.52    |  13.97    |  0.4476   |  42.93    |  26.15    |  26.52    |
|  1465     |  0.532    |  10.0     |  12.18    |  15.6     |  0.6      |  17.37    |  34.91    |  46.68    |
|  1466     |  0.5169   |  2.958    |  15.38    |  14.29    |  0.4207   |  27.07    |  25.4     |  36.74    |
|  1467     |  0.5204   |  6.104    |  13.47    |  16.73    |  0.3935   |  23.05    |  34.97    |  41.63    |
|  1468     |  0.5142   |  3.159    |  10.93    |  10.68    |  0.3463   |  16.55    |  28.56    |  50.67    |
|  1469     |  0.5155   |  4.356    |  14.51    |  12.16    |  0.5501   |  30.75    |  28.32    |  35.02    |
|  1470     |  0.5241   |  5.523    |  13.71    |  15.04    |  0.3469   |  36.2     |  26.82    |  38.34    |
|  1471     |  0.5159   |  4.434    |  13.48    |  13.63    |  0.2879   |  20.92    |  26.22    |  38.73    |
|  1472     |  0.5254   |  4.438    |  19.14    |  19.75    |  0.5754   |  16.83    |  32.45    |  50.79    |
|  1473     |  0.5162   |  2.95     |  14.09    |  14.29    |  0.2727   |  12.39    |  30.97    |  55.01    |
|  1474     |  0.5161   |  5.47     |  12.21    |  14.97    |  0.2831   |  17.9     |  30.34    |  47.58    |
|  1475     |  0.5193   |  2.021    |  13.69    |  14.19    |  0.3995   |  14.96    |  28.23    |  46.58    |
|  1476     |  0.5251   |  4.708    |  17.87    |  15.57    |  0.4504   |  27.56    |  28.54    |  35.92    |
|  1477     |  0.5209   |  2.207    |  19.09    |  16.02    |  0.5095   |  21.88    |  29.36    |  36.44    |
|  1478     |  0.5121   |  4.872    |  17.3     |  13.35    |  0.2553   |  14.94    |  26.93    |  55.92    |
|  1479     |  0.5107   |  4.225    |  16.62    |  15.32    |  0.3602   |  20.84    |  30.58    |  39.26    |
|  1480     |  0.5123   |  3.928    |  15.72    |  15.47    |  0.2314   |  37.79    |  26.99    |  38.83    |
|  1481     |  0.5206   |  7.137    |  15.35    |  16.47    |  0.555    |  18.13    |  27.22    |  35.45    |
|  1482     |  0.5107   |  6.906    |  12.31    |  17.55    |  0.1896   |  18.94    |  31.54    |  43.2     |
|  1483     |  0.5232   |  2.79     |  11.89    |  13.6     |  0.5592   |  12.04    |  27.97    |  50.17    |
|  1484     |  0.5269   |  4.851    |  13.09    |  13.62    |  0.6      |  19.69    |  32.22    |  49.33    |
|  1485     |  0.5036   |  4.471    |  12.77    |  5.863    |  0.2327   |  22.1     |  23.27    |  38.42    |
|  1486     |  0.5239   |  2.587    |  14.3     |  5.647    |  0.2267   |  24.1     |  24.16    |  39.29    |
|  1487     |  0.5303   |  2.932    |  13.06    |  14.26    |  0.6      |  19.64    |  23.69    |  35.52    |
|  1488     |  0.53     |  6.219    |  7.483    |  11.15    |  0.6      |  12.91    |  29.12    |  44.58    |
|  1489     |  0.5103   |  4.998    |  16.27    |  18.86    |  0.3783   |  17.41    |  34.49    |  48.58    |
|  1490     |  0.5098   |  7.853    |  19.27    |  18.84    |  0.2137   |  20.56    |  32.3     |  49.94    |
|  1491     |  0.5086   |  5.465    |  12.53    |  19.69    |  0.2113   |  20.66    |  29.54    |  36.62    |
|  1492     |  0.5145   |  6.254    |  10.02    |  14.7     |  0.3984   |  41.06    |  24.91    |  24.3     |
|  1493     |  0.5189   |  2.545    |  17.09    |  16.04    |  0.3369   |  17.51    |  28.39    |  43.94    |
|  1494     |  0.5114   |  8.517    |  15.23    |  12.11    |  0.4238   |  34.1     |  24.95    |  41.76    |
|  1495     |  0.5142   |  6.207    |  19.55    |  16.67    |  0.4884   |  22.65    |  33.18    |  39.62    |
|  1496     |  0.5275   |  2.986    |  13.92    |  15.3     |  0.6      |  18.87    |  24.83    |  36.86    |
|  1497     |  0.5205   |  3.935    |  11.66    |  16.59    |  0.3328   |  21.05    |  29.11    |  39.32    |
|  1498     |  0.5154   |  8.417    |  16.05    |  18.78    |  0.6      |  19.78    |  32.7     |  50.22    |
|  1499     |  0.517    |  9.255    |  19.07    |  18.77    |  0.3621   |  21.54    |  35.36    |  40.76    |
|  1500     |  0.5227   |  6.581    |  16.46    |  16.35    |  0.6      |  15.55    |  40.36    |  45.45    |
|  1501     |  0.5109   |  3.843    |  10.93    |  12.91    |  0.3169   |  20.65    |  35.75    |  50.59    |
|  1502     |  0.5112   |  3.734    |  14.05    |  13.75    |  0.3514   |  18.54    |  24.67    |  37.63    |
|  1503     |  0.5151   |  2.706    |  15.9     |  15.58    |  0.4798   |  18.7     |  26.76    |  34.32    |
|  1504     |  0.5176   |  3.393    |  16.94    |  16.22    |  0.3353   |  24.59    |  27.18    |  36.29    |
|  1505     |  0.5184   |  5.496    |  15.18    |  6.856    |  0.2703   |  24.14    |  24.08    |  42.52    |
|  1506     |  0.5241   |  4.053    |  16.63    |  14.31    |  0.4584   |  17.62    |  31.31    |  46.23    |
=============================================================================================================
{'target': 0.563939024903273, 'params': {'maxLevel': 3.6417928756217, 'maxMedianLengthOfDisplacementDifference': 14.557447181471952, 'pointsInGrid': 11.231840686837973, 'termCriteria_epsilon': 0.3537943108021385, 'termCriteria_maxCount': 27.90948340669069, 'winSize': 31.068422847071623, 'winSizeNCC': 33.15413205494285}}
done